=== WiFi 5GHz Comprehensive Diagnostic Report ===
Generated on: Sat 21 Jun 14:47:25 CEST 2025


Checking for missing dependencies...
All dependencies are installed.
=== Regulatory Domain Information ===
global
country DE: DFS-ETSI
	(2400 - 2483 @ 40), (N/A, 20), (N/A)
	(5150 - 5250 @ 80), (N/A, 23), (N/A), NO-OUTDOOR, AUTO-BW
	(5250 - 5350 @ 80), (N/A, 20), (0 ms), NO-OUTDOOR, DFS, AUTO-BW
	(5470 - 5725 @ 160), (N/A, 26), (0 ms), DFS
	(5725 - 5875 @ 80), (N/A, 13), (N/A)
	(5945 - 6425 @ 320), (N/A, 23), (N/A), NO-OUTDOOR
	(57000 - 66000 @ 2160), (N/A, 40), (N/A)


=== Interface Detection ===
Detected Interface: enp195s0f3u1u4
Interface Status:
2: enp195s0f3u1u4: <BROADCAST,MULTICAST,UP,LOWER_UP> mtu 1500 qdisc fq_codel state UP mode DEFAULT group default qlen 1000
    link/ether a0:ce:c8:e1:d2:6b brd ff:ff:ff:ff:ff:ff
    altname enxa0cec8e1d26b

=== Hardware Capabilities ===
Wireless Card Information:
c0:00.0 Network controller: MEDIATEK Corp. MT7925 (RZ717) Wi-Fi 7 160MHz
	Subsystem: MEDIATEK Corp. MT7925 (RZ717) Wi-Fi 7 160MHz
	Kernel driver in use: mt7925e

Supported Bands and Frequencies:

5GHz Band Capabilities:

Active 5GHz Features:
	dev <devname> ibss join <SSID> <freq in MHz> [NOHT|HT20|HT40+|HT40-|5MHz|10MHz|80MHz] [fixed-freq] [<fixed bssid>] [beacon-interval <TU>] [basic-rates <rate in Mbps,rate2,...>] [mcast-rate <rate in Mbps>] [key d:0:abcde]
	dev <devname> switch freq <freq> [NOHT|HT20|HT40+|HT40-|5MHz|10MHz|80MHz] [beacons <count>] [block-tx]
	dev <devname> switch channel <channel> [NOHT|HT20|HT40+|HT40-|5MHz|10MHz|80MHz] [beacons <count>] [block-tx]
	dev <devname> mesh join <mesh ID> [[freq <freq in MHz> <NOHT|HT20|HT40+|HT40-|80MHz>] [basic-rates <rate in Mbps,rate2,...>]], [mcast-rate <rate in Mbps>] [beacon-interval <time in TUs>] [dtim-period <value>] [vendor_sync on|off] [<param>=<value>]*
	dev <devname> cac channel <channel> [NOHT|HT20|HT40+|HT40-|5MHz|10MHz|80MHz]
	dev <devname> cac freq <freq> [NOHT|HT20|HT40+|HT40-|5MHz|10MHz|80MHz]
	dev <devname> cac trigger channel <channel> [NOHT|HT20|HT40+|HT40-|5MHz|10MHz|80MHz]
	dev <devname> cac trigger freq <frequency> [NOHT|HT20|HT40+|HT40-|5MHz|10MHz|80MHz]
	dev <devname> cac background channel <channel> [NOHT|HT20|HT40+|HT40-|5MHz|10MHz|80MHz]
	dev <devname> cac background freq <frequency> [NOHT|HT20|HT40+|HT40-|5MHz|10MHz|80MHz]
	phy <phyname> set freq <freq> [NOHT|HT20|HT40+|HT40-|5MHz|10MHz|80MHz|160MHz|320MHz]
	dev <devname> set freq <freq> [NOHT|HT20|HT40+|HT40-|5MHz|10MHz|80MHz|160MHz|320MHz]
	phy <phyname> set channel <channel> [NOHT|HT20|HT40+|HT40-|5MHz|10MHz|80MHz|160MHz]
	dev <devname> set channel <channel> [NOHT|HT20|HT40+|HT40-|5MHz|10MHz|80MHz|160MHz]

=== Current Connection Status ===

Detailed Link Information:
Not connected.

Station Info (if connected):

=== Scanning for 5GHz Networks ===
5GHz Networks Found:

=== 5GHz Channel Availability ===

=== NetworkManager Configuration ===
enabled
GENERAL.DEVICE:                         enp195s0f3u1u4
GENERAL.TYPE:                           ethernet
GENERAL.HWADDR:                         A0:CE:C8:E1:D2:6B
GENERAL.MTU:                            1500
GENERAL.STATE:                          100 (connected)
GENERAL.CONNECTION:                     Wired connection 1
GENERAL.CON-PATH:                       /org/freedesktop/NetworkManager/ActiveConnection/2

Current Connection Profile (if connected):

=== Firmware Information ===
Distribution Type: Traditional

Linux Firmware Package Version:
linux-firmware version: 20250509-1.fc42

Wireless Firmware Files:
/lib/firmware/i915/mtl_dmc.bin.xz: 2025-05-09 02:00:00.000000000 +0200
/lib/firmware/i915/mtl_dmc_ver2_10.bin.xz: 2025-05-09 02:00:00.000000000 +0200
/lib/firmware/i915/mtl_gsc_1.bin.xz: 2025-05-09 02:00:00.000000000 +0200
/lib/firmware/i915/mtl_guc_70.bin.xz: 2025-05-09 02:00:00.000000000 +0200
/lib/firmware/i915/mtl_huc_gsc.bin.xz: 2025-05-09 02:00:00.000000000 +0200
/lib/firmware/intel/sof-ipc4/mtl/community/sof-mtl.ri.xz: 2025-03-31 15:14:09.000000000 +0200
/lib/firmware/intel/sof-ipc4/mtl/intel-signed/sof-mtl.ri.xz: 2025-03-31 15:14:09.000000000 +0200
/lib/firmware/mediatek/mt7925/BT_RAM_CODE_MT7925_1_1_hdr.bin.xz: 2025-05-09 02:00:00.000000000 +0200
/lib/firmware/mediatek/mt7925/WIFI_MT7925_PATCH_MCU_1_1_hdr.bin.xz: 2025-05-09 02:00:00.000000000 +0200
/lib/firmware/mediatek/mt7925/WIFI_RAM_CODE_MT7925_1_1.bin.xz: 2025-05-09 02:00:00.000000000 +0200

Loaded Firmware Version:
[   15.746631] mt7925e 0000:c0:00.0: ASIC revision: 79250000
[   15.823344] mt7925e 0000:c0:00.0: HW/SW Version: 0x8a108a10, Build Time: 20250425072955a
[   16.170225] mt7925e 0000:c0:00.0: WM Firmware Version: ____000000, Build Time: 20250425073109
[   17.516062] mt7925e 0000:c0:00.0 wlp192s0: renamed from wlan0
[   25.691009] Bluetooth: hci0: Failed to set up firmware (-110)

=== Driver and Module Information ===
c0:00.0 Network controller [0280]: MEDIATEK Corp. MT7925 (RZ717) Wi-Fi 7 160MHz [14c3:0717]
	Subsystem: MEDIATEK Corp. MT7925 (RZ717) Wi-Fi 7 160MHz [14c3:0717]
	Kernel driver in use: mt7925e
	Kernel modules: mt7925e

Wireless Module: r8152
Module Parameters:

Module Information:
filename:       /lib/modules/6.14.11-300.fc42.x86_64/kernel/drivers/net/usb/r8152.ko.xz
version:        v1.12.13
description:    Realtek RTL8152/RTL8153 Based USB Ethernet Adapters
firmware:       rtl_nic/rtl8156b-2.fw
firmware:       rtl_nic/rtl8156a-2.fw
firmware:       rtl_nic/rtl8153c-1.fw
firmware:       rtl_nic/rtl8153b-2.fw
firmware:       rtl_nic/rtl8153a-4.fw
firmware:       rtl_nic/rtl8153a-3.fw
firmware:       rtl_nic/rtl8153a-2.fw
srcversion:     BE02414A01D63A2E672C22F

=== Connection Event Analysis (Last 24 Hours) ===
Connection Attempts, Successes, and Failures:
Jun 21 14:02:06 Jun 21 14:02:06 blueframe NetworkManager[1679]: <info>  [1750507326.3608] device (wlp192s0): supplicant interface state: inactive -> interface_disabled
Jun 21 14:02:06 Jun 21 14:02:06 blueframe NetworkManager[1679]: <info>  [1750507326.3608] device (p2p-dev-wlp192s0): supplicant management interface state: inactive -> interface_disabled
Jun 21 14:02:06 Jun 21 14:02:06 blueframe NetworkManager[1679]: <info>  [1750507326.3609] device (wlp192s0): supplicant interface state: interface_disabled -> disconnected
Jun 21 14:02:06 Jun 21 14:02:06 blueframe NetworkManager[1679]: <info>  [1750507326.3609] device (p2p-dev-wlp192s0): supplicant management interface state: interface_disabled -> disconnected
Jun 21 14:02:06 Jun 21 14:02:06 blueframe NetworkManager[1679]: <info>  [1750507326.3610] device (wlp192s0): supplicant interface state: disconnected -> inactive
Jun 21 14:02:06 Jun 21 14:02:06 blueframe NetworkManager[1679]: <info>  [1750507326.3610] device (p2p-dev-wlp192s0): supplicant management interface state: disconnected -> inactive
Jun 21 14:09:01 Jun 21 14:09:01 blueframe NetworkManager[1679]: <info>  [1750507741.3088] device (wlp192s0): set-hw-addr: set MAC address to 46:92:A6:67:FA:91 (scanning)
Jun 21 14:09:01 Jun 21 14:09:01 blueframe NetworkManager[1679]: <info>  [1750507741.3614] device (wlp192s0): supplicant interface state: inactive -> interface_disabled
Jun 21 14:09:01 Jun 21 14:09:01 blueframe NetworkManager[1679]: <info>  [1750507741.3615] device (p2p-dev-wlp192s0): supplicant management interface state: inactive -> interface_disabled
Jun 21 14:09:01 Jun 21 14:09:01 blueframe NetworkManager[1679]: <info>  [1750507741.3616] device (wlp192s0): supplicant interface state: interface_disabled -> disconnected
Jun 21 14:09:01 Jun 21 14:09:01 blueframe NetworkManager[1679]: <info>  [1750507741.3616] device (p2p-dev-wlp192s0): supplicant management interface state: interface_disabled -> disconnected
Jun 21 14:09:01 Jun 21 14:09:01 blueframe NetworkManager[1679]: <info>  [1750507741.3617] device (wlp192s0): supplicant interface state: disconnected -> inactive
Jun 21 14:09:01 Jun 21 14:09:01 blueframe NetworkManager[1679]: <info>  [1750507741.3617] device (p2p-dev-wlp192s0): supplicant management interface state: disconnected -> inactive
Jun 21 14:15:56 Jun 21 14:15:56 blueframe NetworkManager[1679]: <info>  [1750508156.3077] device (wlp192s0): set-hw-addr: set MAC address to 52:5E:61:9C:DB:2C (scanning)
Jun 21 14:15:56 Jun 21 14:15:56 blueframe NetworkManager[1679]: <info>  [1750508156.3605] device (wlp192s0): supplicant interface state: inactive -> interface_disabled
Jun 21 14:15:56 Jun 21 14:15:56 blueframe NetworkManager[1679]: <info>  [1750508156.3605] device (p2p-dev-wlp192s0): supplicant management interface state: inactive -> interface_disabled
Jun 21 14:15:56 Jun 21 14:15:56 blueframe NetworkManager[1679]: <info>  [1750508156.3607] device (wlp192s0): supplicant interface state: interface_disabled -> disconnected
Jun 21 14:15:56 Jun 21 14:15:56 blueframe NetworkManager[1679]: <info>  [1750508156.3607] device (p2p-dev-wlp192s0): supplicant management interface state: interface_disabled -> disconnected
Jun 21 14:15:56 Jun 21 14:15:56 blueframe NetworkManager[1679]: <info>  [1750508156.3609] device (wlp192s0): supplicant interface state: disconnected -> inactive
Jun 21 14:15:56 Jun 21 14:15:56 blueframe NetworkManager[1679]: <info>  [1750508156.3609] device (p2p-dev-wlp192s0): supplicant management interface state: disconnected -> inactive
Jun 21 14:22:51 Jun 21 14:22:51 blueframe NetworkManager[1679]: <info>  [1750508571.3071] device (wlp192s0): set-hw-addr: set MAC address to B6:0E:5F:D5:4E:F5 (scanning)
Jun 21 14:22:51 Jun 21 14:22:51 blueframe NetworkManager[1679]: <info>  [1750508571.3596] device (wlp192s0): supplicant interface state: inactive -> interface_disabled
Jun 21 14:22:51 Jun 21 14:22:51 blueframe NetworkManager[1679]: <info>  [1750508571.3597] device (p2p-dev-wlp192s0): supplicant management interface state: inactive -> interface_disabled
Jun 21 14:22:51 Jun 21 14:22:51 blueframe NetworkManager[1679]: <info>  [1750508571.3598] device (wlp192s0): supplicant interface state: interface_disabled -> disconnected
Jun 21 14:22:51 Jun 21 14:22:51 blueframe NetworkManager[1679]: <info>  [1750508571.3598] device (p2p-dev-wlp192s0): supplicant management interface state: interface_disabled -> disconnected
Jun 21 14:22:51 Jun 21 14:22:51 blueframe NetworkManager[1679]: <info>  [1750508571.3599] device (wlp192s0): supplicant interface state: disconnected -> inactive
Jun 21 14:22:51 Jun 21 14:22:51 blueframe NetworkManager[1679]: <info>  [1750508571.3599] device (p2p-dev-wlp192s0): supplicant management interface state: disconnected -> inactive
Jun 21 14:29:46 Jun 21 14:29:46 blueframe NetworkManager[1679]: <info>  [1750508986.2919] device (wlp192s0): set-hw-addr: set MAC address to 72:8D:BC:07:F2:72 (scanning)
Jun 21 14:29:46 Jun 21 14:29:46 blueframe NetworkManager[1679]: <info>  [1750508986.3457] device (wlp192s0): supplicant interface state: inactive -> interface_disabled
Jun 21 14:29:46 Jun 21 14:29:46 blueframe NetworkManager[1679]: <info>  [1750508986.3457] device (p2p-dev-wlp192s0): supplicant management interface state: inactive -> interface_disabled
Jun 21 14:29:46 Jun 21 14:29:46 blueframe NetworkManager[1679]: <info>  [1750508986.3458] device (wlp192s0): supplicant interface state: interface_disabled -> disconnected
Jun 21 14:29:46 Jun 21 14:29:46 blueframe NetworkManager[1679]: <info>  [1750508986.3458] device (p2p-dev-wlp192s0): supplicant management interface state: interface_disabled -> disconnected
Jun 21 14:29:46 Jun 21 14:29:46 blueframe NetworkManager[1679]: <info>  [1750508986.3459] device (wlp192s0): supplicant interface state: disconnected -> inactive
Jun 21 14:29:46 Jun 21 14:29:46 blueframe NetworkManager[1679]: <info>  [1750508986.3459] device (p2p-dev-wlp192s0): supplicant management interface state: disconnected -> inactive
Jun 21 14:36:41 Jun 21 14:36:41 blueframe NetworkManager[1679]: <info>  [1750509401.3045] device (wlp192s0): set-hw-addr: set MAC address to 3E:EB:51:57:14:9F (scanning)
Jun 21 14:36:41 Jun 21 14:36:41 blueframe NetworkManager[1679]: <info>  [1750509401.3573] device (wlp192s0): supplicant interface state: inactive -> interface_disabled
Jun 21 14:36:41 Jun 21 14:36:41 blueframe NetworkManager[1679]: <info>  [1750509401.3573] device (p2p-dev-wlp192s0): supplicant management interface state: inactive -> interface_disabled
Jun 21 14:36:41 Jun 21 14:36:41 blueframe NetworkManager[1679]: <info>  [1750509401.3574] device (wlp192s0): supplicant interface state: interface_disabled -> disconnected
Jun 21 14:36:41 Jun 21 14:36:41 blueframe NetworkManager[1679]: <info>  [1750509401.3574] device (p2p-dev-wlp192s0): supplicant management interface state: interface_disabled -> disconnected
Jun 21 14:36:41 Jun 21 14:36:41 blueframe NetworkManager[1679]: <info>  [1750509401.3576] device (wlp192s0): supplicant interface state: disconnected -> inactive
Jun 21 14:36:41 Jun 21 14:36:41 blueframe NetworkManager[1679]: <info>  [1750509401.3576] device (p2p-dev-wlp192s0): supplicant management interface state: disconnected -> inactive
Jun 21 14:43:36 Jun 21 14:43:36 blueframe NetworkManager[1679]: <info>  [1750509816.3005] device (wlp192s0): set-hw-addr: set MAC address to B6:3A:21:6F:A3:8A (scanning)
Jun 21 14:43:36 Jun 21 14:43:36 blueframe NetworkManager[1679]: <info>  [1750509816.3532] device (wlp192s0): supplicant interface state: inactive -> interface_disabled
Jun 21 14:43:36 Jun 21 14:43:36 blueframe NetworkManager[1679]: <info>  [1750509816.3532] device (p2p-dev-wlp192s0): supplicant management interface state: inactive -> interface_disabled
Jun 21 14:43:36 Jun 21 14:43:36 blueframe NetworkManager[1679]: <info>  [1750509816.3533] device (wlp192s0): supplicant interface state: interface_disabled -> disconnected
Jun 21 14:43:36 Jun 21 14:43:36 blueframe NetworkManager[1679]: <info>  [1750509816.3533] device (p2p-dev-wlp192s0): supplicant management interface state: interface_disabled -> disconnected
Jun 21 14:43:36 Jun 21 14:43:36 blueframe NetworkManager[1679]: <info>  [1750509816.3534] device (wlp192s0): supplicant interface state: disconnected -> inactive
Jun 21 14:43:36 Jun 21 14:43:36 blueframe NetworkManager[1679]: <info>  [1750509816.3534] device (p2p-dev-wlp192s0): supplicant management interface state: disconnected -> inactive
Jun 21 14:46:34 Jun 21 14:46:34 blueframe NetworkManager[1679]: <info>  [1750509994.5585] audit: op="statistics" interface="enp195s0f3u1u4" ifindex=2 args="2000" pid=2620 uid=1000 result="success"
Jun 21 14:46:34 Jun 21 14:46:34 blueframe NetworkManager[1679]: <info>  [1750509994.5676] audit: op="statistics" interface="enp195s0f3u1u4" ifindex=2 args="500" pid=10844 uid=1000 result="success"

=== Recent Errors and Warnings ===
Jun 21 10:31:53 fedora NetworkManager[1683]: <info>  [1750494713.9538] dhcp4 (enp195s0f3u1u4): activation: beginning transaction (timeout in 45 seconds)
Jun 21 10:37:24 localhost-live.fritz.box NetworkManager[1683]: <info>  [1750495044.5019] dhcp4 (enp195s0f3u1u4): activation: beginning transaction (timeout in 45 seconds)
Jun 21 10:37:59 fedora NetworkManager[1451]: <info>  [1750495079.3342] dhcp4 (enp195s0f3u1u4): activation: beginning transaction (timeout in 45 seconds)
Jun 21 10:40:59 fedora NetworkManager[1451]: <info>  [1750495259.4392] dhcp4 (enp195s0f3u1u4): activation: beginning transaction (timeout in 45 seconds)
Jun 21 10:41:35 fedora NetworkManager[1679]: <info>  [1750495295.1250] dhcp4 (enp195s0f3u1u4): activation: beginning transaction (timeout in 45 seconds)

=== Power Management Settings ===
Power Saving Status:

TLP/Power Management Configuration:
  TLP not installed

=== Band Steering and Roaming Settings ===
BSS Transition Management Capability:

Current Roaming Behavior:
    link/ether a0:ce:c8:e1:d2:6b brd ff:ff:ff:ff:ff:ff
    inet 192.168.1.136/24 brd 192.168.1.255 scope global dynamic noprefixroute enp195s0f3u1u4
       valid_lft 71651sec preferred_lft 71651sec
    inet6 fe80::625c:b118:b3b4:9e6f/64 scope link noprefixroute 
       valid_lft forever preferred_lft forever

NetworkManager WiFi Backend Configuration:
  No custom WiFi backend configuration found

WiFi Band Selection Configuration:
  No band selection config found

=== 5GHz Connection Issues ===
Checking for 5GHz connection problems:
✗ Hardware does not support 5GHz
! Not connected to any network

Band Selection Settings:
  No specific band preference set

DFS Channel Issues:
  No DFS issues detected

Driver/Firmware Issues:
  No driver errors detected

=== Summary and Recommendations ===

+----------------------------------------+
|        WiFi DIAGNOSTIC SUMMARY         |
+----------------------------------------+

🛜 CONNECTION STATUS
-------------------
   ❌ Not connected to any network

🔧 HARDWARE STATUS
-----------------
   Device: MEDIATEK Corp. MT7925 (RZ717) Wi-Fi 7 160MHz
   Driver: r8152
   Firmware: 20250509-1.fc42

⚡ PERFORMANCE ANALYSIS
---------------------
   ✅ Power saving: DISABLED

💡 RECOMMENDATIONS
-----------------
   ✅ All systems optimal - no changes recommended!

📊 QUICK STATS
-------------
   Networks found: 0
0 (5GHz/6GHz)
   Connection quality: DISCONNECTED
   Current band: Unknown

+----------------------------------------+
|    ❌ WiFi Status: DISCONNECTED       ❌    |
+----------------------------------------+
