=== WiFi 5GHz Comprehensive Diagnostic Report ===
Generated on: Sat 21 Jun 14:50:22 CEST 2025


Checking for missing dependencies...
All dependencies are installed.
=== Regulatory Domain Information ===
global
country DE: DFS-ETSI
	(2400 - 2483 @ 40), (N/A, 20), (N/A)
	(5150 - 5250 @ 80), (N/A, 23), (N/A), NO-OUTDOOR, AUTO-BW
	(5250 - 5350 @ 80), (N/A, 20), (0 ms), NO-OUTDOOR, DFS, AUTO-BW
	(5470 - 5725 @ 160), (N/A, 26), (0 ms), DFS
	(5725 - 5875 @ 80), (N/A, 13), (N/A)
	(5945 - 6425 @ 320), (N/A, 23), (N/A), NO-OUTDOOR
	(57000 - 66000 @ 2160), (N/A, 40), (N/A)


=== Interface Detection ===
Detected Interface: wlp192s0
Interface Status:
3: wlp192s0: <BROADCAST,MULTICAST,UP,LOWER_UP> mtu 1500 qdisc noqueue state UP mode DORMANT group default qlen 1000
    link/ether e6:65:9b:88:40:85 brd ff:ff:ff:ff:ff:ff permaddr d8:b3:2f:bd:bf:fb
    altname wlxd8b32fbdbffb

=== Hardware Capabilities ===
Wireless Card Information:
c0:00.0 Network controller: MEDIATEK Corp. MT7925 (RZ717) Wi-Fi 7 160MHz
	Subsystem: MEDIATEK Corp. MT7925 (RZ717) Wi-Fi 7 160MHz
	Kernel driver in use: mt7925e

Supported Bands and Frequencies:
	Band 1:
			HT20/HT40
			RX HT20 SGI
			RX HT40 SGI
			No DSSS/CCK HT40
		HT TX/RX MCS rate indexes supported: 0-15
		HE Iftypes: managed
			HE MAC Capabilities (0x08011a000040):
				+HTC HE Supported
			HE PHY Capabilities: (0x2270ce126dc0b3064e3f00):
				HE40/2.4GHz
				HE SU PPDU with 1x HE-LTF and 0.8us GI
				NDP with 4x HE-LTF and 3.2us GI
	Band 2:
			HT20/HT40
			RX HT20 SGI
			RX HT40 SGI
			No DSSS/CCK HT40
		HT TX/RX MCS rate indexes supported: 0-15
		VHT Capabilities (0x339071f6):
		VHT RX MCS set:
		VHT RX highest supported: 0 Mbps
		VHT TX MCS set:
		VHT TX highest supported: 0 Mbps
		VHT extended NSS: supported
		HE Iftypes: managed
			HE MAC Capabilities (0x08011a000040):
				+HTC HE Supported
			HE PHY Capabilities: (0x4c70ce126dc0b3064e3f00):
				HE40/HE80/5GHz
				HE160/5GHz
				HE SU PPDU with 1x HE-LTF and 0.8us GI
				NDP with 4x HE-LTF and 3.2us GI
	Band 4:
		HE Iftypes: managed
			HE MAC Capabilities (0x08011a000040):
				+HTC HE Supported
			HE PHY Capabilities: (0x4c70ce126dc0b3064e3f00):
				HE40/HE80/5GHz
				HE160/5GHz
				HE SU PPDU with 1x HE-LTF and 0.8us GI
				NDP with 4x HE-LTF and 3.2us GI

5GHz Band Capabilities:
	Band 2:
		Capabilities: 0x9ff
			RX LDPC
			HT20/HT40
			SM Power Save disabled
			RX Greenfield
			RX HT20 SGI
			RX HT40 SGI
			TX STBC
			RX STBC 1-stream
			Max AMSDU length: 7935 bytes
			No DSSS/CCK HT40
		Maximum RX AMPDU length 65535 bytes (exponent: 0x003)
		Minimum RX AMPDU time spacing: No restriction (0x00)
		HT TX/RX MCS rate indexes supported: 0-15
		VHT Capabilities (0x339071f6):
			Max MPDU length: 11454
			Supported Channel Width: 160 MHz
			RX LDPC
			short GI (80 MHz)
			short GI (160/80+80 MHz)
			TX STBC
			SU Beamformee
			MU Beamformee
			RX antenna pattern consistency
			TX antenna pattern consistency
		VHT RX MCS set:
			1 streams: MCS 0-9
			2 streams: MCS 0-9
			3 streams: not supported
			4 streams: not supported
			5 streams: not supported
			6 streams: not supported
			7 streams: not supported
			8 streams: not supported
		VHT RX highest supported: 0 Mbps
		VHT TX MCS set:
			1 streams: MCS 0-9
			2 streams: MCS 0-9
			3 streams: not supported
			4 streams: not supported
			5 streams: not supported
			6 streams: not supported
			7 streams: not supported
			8 streams: not supported
		VHT TX highest supported: 0 Mbps
		VHT extended NSS: supported
		HE Iftypes: managed
			HE MAC Capabilities (0x08011a000040):
				+HTC HE Supported
				Trigger Frame MAC Padding Duration: 2
				OM Control
				Maximum A-MPDU Length Exponent: 3
				A-MSDU in A-MPDU
			HE PHY Capabilities: (0x4c70ce126dc0b3064e3f00):
				HE40/HE80/5GHz
				HE160/5GHz
				242 tone RUs/5GHz
				Device Class: 1
				LDPC Coding in Payload
				HE SU PPDU with 1x HE-LTF and 0.8us GI
				NDP with 4x HE-LTF and 3.2us GI
				STBC Tx <= 80MHz
				STBC Rx <= 80MHz
				Full Bandwidth UL MU-MIMO
				Partial Bandwidth UL MU-MIMO
				DCM Max Constellation: 2
				DCM Max Constellation Rx: 2
				SU Beamformee
				Beamformee STS <= 80Mhz: 3
				Beamformee STS > 80Mhz: 3
				Ng = 16 SU Feedback
				Ng = 16 MU Feedback
				Codebook Size SU Feedback
				Codebook Size MU Feedback
				Triggered CQI Feedback
				Partial Bandwidth Extended Range
				PPE Threshold Present
				Power Boost Factor ar
				HE SU PPDU & HE PPDU 4x HE-LTF 0.8us GI
				20MHz in 40MHz HE PPDU 2.4GHz
				20MHz in 160/80+80MHz HE PPDU
				80MHz in 160/80+80MHz HE PPDU
				DCM Max BW: 1
				Longer Than 16HE SIG-B OFDM Symbols
				Non-Triggered CQI Feedback
				TX 1024-QAM
				RX 1024-QAM
				RX Full BW SU Using HE MU PPDU with Compression SIGB
				RX Full BW SU Using HE MU PPDU with Non-Compression SIGB
			HE RX MCS and NSS set <= 80 MHz
				1 streams: MCS 0-11
				2 streams: MCS 0-11
				3 streams: not supported
				4 streams: not supported
				5 streams: not supported
				6 streams: not supported
				7 streams: not supported
				8 streams: not supported
			HE TX MCS and NSS set <= 80 MHz
				1 streams: MCS 0-11
				2 streams: MCS 0-11
				3 streams: not supported
				4 streams: not supported
				5 streams: not supported
				6 streams: not supported
				7 streams: not supported
				8 streams: not supported
			HE RX MCS and NSS set 160 MHz
				1 streams: MCS 0-11
				2 streams: MCS 0-11
				3 streams: not supported
				4 streams: not supported
				5 streams: not supported
				6 streams: not supported
				7 streams: not supported
				8 streams: not supported
			HE TX MCS and NSS set 160 MHz
				1 streams: MCS 0-11
				2 streams: MCS 0-11
				3 streams: not supported
				4 streams: not supported
				5 streams: not supported
				6 streams: not supported
				7 streams: not supported
				8 streams: not supported
			PPE Threshold 0x79 0x1c 0xc7 0x71 0x1c 0xc7 0x71 
		EHT Iftypes: managed
			EHT MAC Capabilities (0x0300):
				NSEP priority access Supported
				EHT OM Control Supported
			EHT PHY Capabilities: (0xe80409fe10610c36):
				NDP With  EHT-LTF And 3.2 µs GI
				SU Beamformer
				SU Beamformee
				Beamformee SS (80MHz): 1
				Beamformee SS (160MHz): 1
				Number Of Sounding Dimensions (80MHz): 1
				Number Of Sounding Dimensions (160MHz): 1
				Ng = 16 SU Feedback
				Ng = 16 MU Feedback
				Codebook size (4, 2) SU Feedback
				Codebook size (7, 5) MU Feedback
				Triggered SU Beamforming Feedback
				Triggered MU Beamforming Partial BW Feedback
				Triggered CQI Feedback
				Max Nc: 1
				Non-Triggered CQI Feedback
				Common Nominal Packet Padding: 2
				Maximum Number Of Supported EHT-LTFs: 17
				Support of MCS 15: 1
				Non-OFDMA UL MU-MIMO (80MHz)
				Non-OFDMA UL MU-MIMO (160MHz)
				MU Beamformer (80MHz)
				MU Beamformer (160MHz)
			EHT MCS/NSS: (0x22222222222200000000000000):
			EHT bw <= 80 MHz, max NSS for MCS 8-9: Rx=2, Tx=2
			EHT bw <= 80 MHz, max NSS for MCS 10-11: Rx=2, Tx=2
			EHT bw <= 80 MHz, max NSS for MCS 12-13: Rx=2, Tx=2
			EHT bw=160 MHz, max NSS for MCS 8-9: Rx=2, Tx=2
			EHT bw=160 MHz, max NSS for MCS 10-11: Rx=2, Tx=2
			EHT bw=160 MHz, max NSS for MCS 12-13: Rx=2, Tx=2
		HE Iftypes: AP
			HE MAC Capabilities (0x00011a081044):
				+HTC HE Supported
				BSR
				OM Control
				Maximum A-MPDU Length Exponent: 3
				BQR
				A-MSDU in A-MPDU
				OM Control UL MU Data Disable RX
			HE PHY Capabilities: (0x0c20ce120000a000000c00):
				HE40/HE80/5GHz
				HE160/5GHz
				LDPC Coding in Payload
				NDP with 4x HE-LTF and 3.2us GI
				STBC Tx <= 80MHz
				STBC Rx <= 80MHz
				Full Bandwidth UL MU-MIMO
				Partial Bandwidth UL MU-MIMO
				DCM Max Constellation: 2
				DCM Max Constellation Rx: 2
				Partial Bandwidth Extended Range
				PPE Threshold Present
				TX 1024-QAM
				RX 1024-QAM
			HE RX MCS and NSS set <= 80 MHz
				1 streams: MCS 0-11
				2 streams: MCS 0-11
				3 streams: not supported
				4 streams: not supported
				5 streams: not supported
				6 streams: not supported
				7 streams: not supported
				8 streams: not supported
			HE TX MCS and NSS set <= 80 MHz
				1 streams: MCS 0-11
				2 streams: MCS 0-11
				3 streams: not supported
				4 streams: not supported
				5 streams: not supported
				6 streams: not supported
				7 streams: not supported
				8 streams: not supported
			HE RX MCS and NSS set 160 MHz
				1 streams: MCS 0-11
				2 streams: MCS 0-11
				3 streams: not supported
				4 streams: not supported
				5 streams: not supported
				6 streams: not supported
				7 streams: not supported
				8 streams: not supported
			HE TX MCS and NSS set 160 MHz
				1 streams: MCS 0-11
				2 streams: MCS 0-11
				3 streams: not supported
				4 streams: not supported
				5 streams: not supported
				6 streams: not supported
				7 streams: not supported
				8 streams: not supported
			PPE Threshold 0x79 0x1c 0xc7 0x71 0x1c 0xc7 0x71 
		EHT Iftypes: AP
			EHT MAC Capabilities (0x0300):
				NSEP priority access Supported
				EHT OM Control Supported
			EHT PHY Capabilities: (0xe80409fe10610c36):
				NDP With  EHT-LTF And 3.2 µs GI
				SU Beamformer
				SU Beamformee
				Beamformee SS (80MHz): 1
				Beamformee SS (160MHz): 1
				Number Of Sounding Dimensions (80MHz): 1
				Number Of Sounding Dimensions (160MHz): 1
				Ng = 16 SU Feedback
				Ng = 16 MU Feedback
				Codebook size (4, 2) SU Feedback
				Codebook size (7, 5) MU Feedback
				Triggered SU Beamforming Feedback
				Triggered MU Beamforming Partial BW Feedback
				Triggered CQI Feedback
				Max Nc: 1
				Non-Triggered CQI Feedback
				Common Nominal Packet Padding: 2
				Maximum Number Of Supported EHT-LTFs: 17
				Support of MCS 15: 1
				Non-OFDMA UL MU-MIMO (80MHz)
				Non-OFDMA UL MU-MIMO (160MHz)
				MU Beamformer (80MHz)
				MU Beamformer (160MHz)
			EHT MCS/NSS: (0x22222222222200000000000000):
			EHT bw <= 80 MHz, max NSS for MCS 8-9: Rx=2, Tx=2
			EHT bw <= 80 MHz, max NSS for MCS 10-11: Rx=2, Tx=2
			EHT bw <= 80 MHz, max NSS for MCS 12-13: Rx=2, Tx=2
			EHT bw=160 MHz, max NSS for MCS 8-9: Rx=2, Tx=2
			EHT bw=160 MHz, max NSS for MCS 10-11: Rx=2, Tx=2
			EHT bw=160 MHz, max NSS for MCS 12-13: Rx=2, Tx=2
		Bitrates (non-HT):
			* 6.0 Mbps
			* 9.0 Mbps
			* 12.0 Mbps
			* 18.0 Mbps
			* 24.0 Mbps
			* 36.0 Mbps
			* 48.0 Mbps
			* 54.0 Mbps
		Frequencies:
			* 5180.0 MHz [36] (23.0 dBm)
			* 5200.0 MHz [40] (23.0 dBm)
			* 5220.0 MHz [44] (23.0 dBm)
			* 5240.0 MHz [48] (23.0 dBm)
			* 5260.0 MHz [52] (20.0 dBm) (radar detection)
			* 5280.0 MHz [56] (20.0 dBm) (radar detection)
			* 5300.0 MHz [60] (20.0 dBm) (radar detection)
			* 5320.0 MHz [64] (20.0 dBm) (radar detection)
			* 5500.0 MHz [100] (26.0 dBm) (radar detection)
			* 5520.0 MHz [104] (26.0 dBm) (radar detection)
			* 5540.0 MHz [108] (26.0 dBm) (radar detection)
			* 5560.0 MHz [112] (26.0 dBm) (radar detection)
			* 5580.0 MHz [116] (26.0 dBm) (radar detection)
			* 5600.0 MHz [120] (26.0 dBm) (radar detection)
			* 5620.0 MHz [124] (26.0 dBm) (radar detection)
			* 5640.0 MHz [128] (26.0 dBm) (radar detection)
			* 5660.0 MHz [132] (26.0 dBm) (radar detection)
			* 5680.0 MHz [136] (26.0 dBm) (radar detection)
			* 5700.0 MHz [140] (26.0 dBm) (radar detection)
			* 5720.0 MHz [144] (13.0 dBm) (radar detection)
			* 5745.0 MHz [149] (13.0 dBm)
			* 5765.0 MHz [153] (13.0 dBm)
			* 5785.0 MHz [157] (13.0 dBm)
			* 5805.0 MHz [161] (13.0 dBm)
			* 5825.0 MHz [165] (13.0 dBm)
			* 5845.0 MHz [169] (13.0 dBm)
			* 5865.0 MHz [173] (13.0 dBm)
			* 5885.0 MHz [177] (disabled)

Active 5GHz Features:
			HT20/HT40
			RX HT40 SGI
			No DSSS/CCK HT40
		HE Iftypes: managed
			HE MAC Capabilities (0x08011a000040):
				+HTC HE Supported
			HE PHY Capabilities: (0x2270ce126dc0b3064e3f00):
				HE40/2.4GHz
				HE SU PPDU with 1x HE-LTF and 0.8us GI
				NDP with 4x HE-LTF and 3.2us GI
				HE SU PPDU & HE PPDU 4x HE-LTF 0.8us GI
				20MHz in 40MHz HE PPDU 2.4GHz
				20MHz in 160/80+80MHz HE PPDU
				80MHz in 160/80+80MHz HE PPDU
				Longer Than 16HE SIG-B OFDM Symbols
				RX Full BW SU Using HE MU PPDU with Compression SIGB
				RX Full BW SU Using HE MU PPDU with Non-Compression SIGB
			HE RX MCS and NSS set <= 80 MHz
			HE TX MCS and NSS set <= 80 MHz
				Beamformee SS (160MHz): 1
				Number Of Sounding Dimensions (160MHz): 1
				Non-OFDMA UL MU-MIMO (160MHz)
				MU Beamformer (160MHz)
		HE Iftypes: AP
			HE MAC Capabilities (0x00011a081044):
				+HTC HE Supported
			HE PHY Capabilities: (0x0220ce120000a000000c00):
				HE40/2.4GHz
				NDP with 4x HE-LTF and 3.2us GI
			HE RX MCS and NSS set <= 80 MHz
			HE TX MCS and NSS set <= 80 MHz
				Beamformee SS (160MHz): 1
				Number Of Sounding Dimensions (160MHz): 1
				Non-OFDMA UL MU-MIMO (160MHz)
				MU Beamformer (160MHz)
			HT20/HT40
			RX HT40 SGI
			No DSSS/CCK HT40
		VHT Capabilities (0x339071f6):
		VHT RX MCS set:
		VHT RX highest supported: 0 Mbps
		VHT TX MCS set:
		VHT TX highest supported: 0 Mbps
		VHT extended NSS: supported
		HE Iftypes: managed
			HE MAC Capabilities (0x08011a000040):
				+HTC HE Supported
			HE PHY Capabilities: (0x4c70ce126dc0b3064e3f00):
				HE40/HE80/5GHz
				HE160/5GHz
				HE SU PPDU with 1x HE-LTF and 0.8us GI
				NDP with 4x HE-LTF and 3.2us GI
				HE SU PPDU & HE PPDU 4x HE-LTF 0.8us GI
				20MHz in 40MHz HE PPDU 2.4GHz
				20MHz in 160/80+80MHz HE PPDU
				80MHz in 160/80+80MHz HE PPDU
				Longer Than 16HE SIG-B OFDM Symbols
				RX Full BW SU Using HE MU PPDU with Compression SIGB
				RX Full BW SU Using HE MU PPDU with Non-Compression SIGB
			HE RX MCS and NSS set <= 80 MHz
			HE TX MCS and NSS set <= 80 MHz
			HE RX MCS and NSS set 160 MHz
			HE TX MCS and NSS set 160 MHz
				Beamformee SS (160MHz): 1
				Number Of Sounding Dimensions (160MHz): 1
				Non-OFDMA UL MU-MIMO (160MHz)
				MU Beamformer (160MHz)
		HE Iftypes: AP
			HE MAC Capabilities (0x00011a081044):
				+HTC HE Supported
			HE PHY Capabilities: (0x0c20ce120000a000000c00):
				HE40/HE80/5GHz
				HE160/5GHz
				NDP with 4x HE-LTF and 3.2us GI
			HE RX MCS and NSS set <= 80 MHz
			HE TX MCS and NSS set <= 80 MHz
			HE RX MCS and NSS set 160 MHz
			HE TX MCS and NSS set 160 MHz
				Beamformee SS (160MHz): 1
				Number Of Sounding Dimensions (160MHz): 1
				Non-OFDMA UL MU-MIMO (160MHz)
				MU Beamformer (160MHz)
		HE Iftypes: managed
			HE MAC Capabilities (0x08011a000040):
				+HTC HE Supported
			HE PHY Capabilities: (0x4c70ce126dc0b3064e3f00):
				HE40/HE80/5GHz
				HE160/5GHz
				HE SU PPDU with 1x HE-LTF and 0.8us GI
				NDP with 4x HE-LTF and 3.2us GI
				HE SU PPDU & HE PPDU 4x HE-LTF 0.8us GI
				20MHz in 40MHz HE PPDU 2.4GHz
				20MHz in 160/80+80MHz HE PPDU
				80MHz in 160/80+80MHz HE PPDU
				Longer Than 16HE SIG-B OFDM Symbols
				RX Full BW SU Using HE MU PPDU with Compression SIGB
				RX Full BW SU Using HE MU PPDU with Non-Compression SIGB
			HE RX MCS and NSS set <= 80 MHz
			HE TX MCS and NSS set <= 80 MHz
			HE RX MCS and NSS set 160 MHz
			HE TX MCS and NSS set 160 MHz
				Beamformee SS (160MHz): 1
				Number Of Sounding Dimensions (160MHz): 1
				Non-OFDMA UL MU-MIMO (160MHz)
				MU Beamformer (160MHz)
		HE Iftypes: AP
			HE MAC Capabilities (0x00011a081044):
				+HTC HE Supported
			HE PHY Capabilities: (0x0c20ce120000a000000c00):
				HE40/HE80/5GHz
				HE160/5GHz
				NDP with 4x HE-LTF and 3.2us GI
			HE RX MCS and NSS set <= 80 MHz
			HE TX MCS and NSS set <= 80 MHz
			HE RX MCS and NSS set 160 MHz
			HE TX MCS and NSS set 160 MHz
				Beamformee SS (160MHz): 1
				Number Of Sounding Dimensions (160MHz): 1
				Non-OFDMA UL MU-MIMO (160MHz)
				MU Beamformer (160MHz)
	Device supports SAE with AUTHENTICATE command
		* [ BEACON_RATE_VHT ]: VHT beacon rate setting
		* [ BEACON_RATE_HE ]: HE beacon rate support (AP/mesh)

=== Current Connection Status ===

Detailed Link Information:
Connected to 58:ef:68:b7:63:ba (on wlp192s0)
	SSID: WebGate
	freq: 5240.0
	RX: 209414 bytes (515 packets)
	TX: 83953 bytes (475 packets)
	signal: -34 dBm
	rx bitrate: 866.7 MBit/s VHT-MCS 9 80MHz short GI VHT-NSS 2
	tx bitrate: 702.0 MBit/s VHT-MCS 8 80MHz VHT-NSS 2
	bss flags: short-preamble short-slot-time
	dtim period: 1
	beacon int: 100

Station Info (if connected):
Station 58:ef:68:b7:63:ba (on wlp192s0)
	inactive time:	965 ms
	rx bytes:	209414
	rx packets:	515
	tx bytes:	83953
	tx packets:	475
	tx retries:	266
	tx failed:	0
	beacon loss:	0
	rx drop misc:	24
	signal:  	-34 [-34, -45] dBm
	signal avg:	-35 [-35, 1] dBm
	tx bitrate:	702.0 MBit/s VHT-MCS 8 80MHz VHT-NSS 2
	tx duration:	452890 us
	rx bitrate:	866.7 MBit/s VHT-MCS 9 80MHz short GI VHT-NSS 2
	rx duration:	52583 us
	last ack signal:-40 dBm
	avg ack signal:	-39 dBm
	airtime weight: 256
	authorized:	yes
	authenticated:	yes
	associated:	yes
	preamble:	long
	WMM/WME:	yes
	MFP:		no
	TDLS peer:	no
	DTIM period:	1
	beacon interval:100
	short preamble:	yes
	short slot time:yes
	connected time:	95 seconds
	associated at [boottime]:	14851.516s
	associated at:	1750510127767 ms
	current time:	1750510223114 ms

=== Scanning for 5GHz Networks ===
5GHz Networks Found:
  Network: WebGate
    Frequency: 5240.0 MHz (Channel channel:)
    Signal: -35.00 dBm
    Security: 	RSN:	 * Version: 1
    BSSID: 58:ef:68:b7:63:ba(on

  Network: WLAN-4NFQXQ
    Frequency: 5200.0 MHz (Channel channel:)
    Signal: -81.00 dBm
    Security: 	RSN:	 * Version: 1
    BSSID: e4:75:dc:d9:a5:b6(on

  Network: FRITZ!Box 7362 SL
    Frequency: 5240.0 MHz (Channel channel:)
    Signal: -75.00 dBm
    Security: 	RSN:	 * Version: 1
    BSSID: 3c:64:cf:a9:35:c0(on


=== 5GHz Channel Availability ===
	* 5180 MHz [36] 
	* 5200 MHz [40] 
	* 5220 MHz [44] 
	* 5240 MHz [48] 
	* 5260 MHz [52] 
	* 5280 MHz [56] 
	* 5300 MHz [60] 
	* 5320 MHz [64] 
	* 5500 MHz [100] 
	* 5520 MHz [104] 
	* 5540 MHz [108] 
	* 5560 MHz [112] 
	* 5580 MHz [116] 
	* 5600 MHz [120] 
	* 5620 MHz [124] 
	* 5640 MHz [128] 
	* 5660 MHz [132] 
	* 5680 MHz [136] 
	* 5700 MHz [140] 
	* 5720 MHz [144] 
	* 5745 MHz [149] 
	* 5765 MHz [153] 
	* 5785 MHz [157] 
	* 5805 MHz [161] 
	* 5825 MHz [165] 
	* 5845 MHz [169] 
	* 5865 MHz [173] 
	* 5885 MHz [177] (disabled)
	* 5955 MHz [1] 
	* 5975 MHz [5] 
	* 5995 MHz [9] 

=== NetworkManager Configuration ===
enabled
GENERAL.DEVICE:                         wlp192s0
GENERAL.TYPE:                           wifi
GENERAL.HWADDR:                         E6:65:9B:88:40:85
GENERAL.MTU:                            1500
GENERAL.STATE:                          100 (connected)
GENERAL.CONNECTION:                     WebGate
GENERAL.CON-PATH:                       /org/freedesktop/NetworkManager/ActiveConnection/3

Current Connection Profile (if connected):
connection.type:                        802-11-wireless
802-11-wireless.ssid:                   WebGate
802-11-wireless.mode:                   infrastructure
802-11-wireless.band:                   --
802-11-wireless.channel:                0
802-11-wireless.bssid:                  --
802-11-wireless.mac-address:            --
802-11-wireless.cloned-mac-address:     --
802-11-wireless.generate-mac-address-mask:--
802-11-wireless.mac-address-denylist:   --
802-11-wireless.mac-address-randomization:default
802-11-wireless.mtu:                    auto
802-11-wireless.seen-bssids:            58:EF:68:B7:63:BA
802-11-wireless.hidden:                 no
802-11-wireless.powersave:              0 (default)
802-11-wireless.wake-on-wlan:           0x1 (default)
802-11-wireless.ap-isolation:           -1 (default)
802-11-wireless.channel-width:          0 (auto)
802-11-wireless-security.key-mgmt:      wpa-psk
802-11-wireless-security.wep-tx-keyidx: 0
802-11-wireless-security.auth-alg:      open
802-11-wireless-security.proto:         --
802-11-wireless-security.pairwise:      --
802-11-wireless-security.group:         --
802-11-wireless-security.pmf:           0 (default)
802-11-wireless-security.leap-username: --
802-11-wireless-security.wep-key0:      <hidden>
802-11-wireless-security.wep-key1:      <hidden>
802-11-wireless-security.wep-key2:      <hidden>
802-11-wireless-security.wep-key3:      <hidden>
802-11-wireless-security.wep-key-flags: 0 (none)
802-11-wireless-security.wep-key-type:  unknown
802-11-wireless-security.psk:           <hidden>
802-11-wireless-security.psk-flags:     0 (none)
802-11-wireless-security.leap-password: <hidden>
802-11-wireless-security.leap-password-flags:0 (none)
802-11-wireless-security.wps-method:    0x0 (default)
802-11-wireless-security.fils:          0 (default)
ipv4.method:                            auto
ipv4.dns:                               --
ipv4.dns-search:                        --
ipv4.dns-options:                       --
ipv4.dns-priority:                      0
ipv4.addresses:                         --
ipv4.gateway:                           --
ipv4.routes:                            --
ipv4.route-metric:                      -1
ipv4.route-table:                       0 (unspec)
ipv4.routing-rules:                     --
ipv4.replace-local-rule:                -1 (default)
ipv4.dhcp-send-release:                 -1 (default)
ipv4.routed-dns:                        -1 (default)
ipv4.ignore-auto-routes:                no
ipv4.ignore-auto-dns:                   no
ipv4.dhcp-client-id:                    --
ipv4.dhcp-iaid:                         --
ipv4.dhcp-dscp:                         --
ipv4.dhcp-timeout:                      0 (default)
ipv4.dhcp-send-hostname-deprecated:     yes
ipv4.dhcp-send-hostname:                -1 (default)
ipv4.dhcp-hostname:                     --
ipv4.dhcp-fqdn:                         --
ipv4.dhcp-hostname-flags:               0x0 (none)
ipv4.never-default:                     no
ipv4.may-fail:                          yes
ipv4.required-timeout:                  -1 (default)
ipv4.dad-timeout:                       -1 (default)
ipv4.dhcp-vendor-class-identifier:      --
ipv4.dhcp-ipv6-only-preferred:          -1 (default)
ipv4.link-local:                        0 (default)
ipv4.dhcp-reject-servers:               --
ipv4.auto-route-ext-gw:                 -1 (default)
ipv4.shared-dhcp-range:                 --
ipv4.shared-dhcp-lease-time:            0 (default)
ipv6.method:                            auto
ipv6.dns:                               --
ipv6.dns-search:                        --
ipv6.dns-options:                       --
ipv6.dns-priority:                      0
ipv6.addresses:                         --
ipv6.gateway:                           --
ipv6.routes:                            --
ipv6.route-metric:                      -1
ipv6.route-table:                       0 (unspec)
ipv6.routing-rules:                     --
ipv6.replace-local-rule:                -1 (default)
ipv6.dhcp-send-release:                 -1 (default)
ipv6.routed-dns:                        -1 (default)
ipv6.ignore-auto-routes:                no
ipv6.ignore-auto-dns:                   no
ipv6.never-default:                     no
ipv6.may-fail:                          yes
ipv6.required-timeout:                  -1 (default)
ipv6.ip6-privacy:                       -1 (default)
ipv6.temp-valid-lifetime:               0 (default)
ipv6.temp-preferred-lifetime:           0 (default)
ipv6.addr-gen-mode:                     default
ipv6.ra-timeout:                        0 (default)
ipv6.mtu:                               auto
ipv6.dhcp-pd-hint:                      --
ipv6.dhcp-duid:                         --
ipv6.dhcp-iaid:                         --
ipv6.dhcp-timeout:                      0 (default)
ipv6.dhcp-send-hostname-deprecated:     yes
ipv6.dhcp-send-hostname:                -1 (default)
ipv6.dhcp-hostname:                     --
ipv6.dhcp-hostname-flags:               0x0 (none)
ipv6.auto-route-ext-gw:                 -1 (default)
ipv6.token:                             --

=== Firmware Information ===
Distribution Type: Traditional

Linux Firmware Package Version:
linux-firmware version: 20250509-1.fc42

Wireless Firmware Files:
/lib/firmware/i915/mtl_dmc.bin.xz: 2025-05-09 02:00:00.000000000 +0200
/lib/firmware/i915/mtl_dmc_ver2_10.bin.xz: 2025-05-09 02:00:00.000000000 +0200
/lib/firmware/i915/mtl_gsc_1.bin.xz: 2025-05-09 02:00:00.000000000 +0200
/lib/firmware/i915/mtl_guc_70.bin.xz: 2025-05-09 02:00:00.000000000 +0200
/lib/firmware/i915/mtl_huc_gsc.bin.xz: 2025-05-09 02:00:00.000000000 +0200
/lib/firmware/intel/sof-ipc4/mtl/community/sof-mtl.ri.xz: 2025-03-31 15:14:09.000000000 +0200
/lib/firmware/intel/sof-ipc4/mtl/intel-signed/sof-mtl.ri.xz: 2025-03-31 15:14:09.000000000 +0200
/lib/firmware/mediatek/mt7925/BT_RAM_CODE_MT7925_1_1_hdr.bin.xz: 2025-05-09 02:00:00.000000000 +0200
/lib/firmware/mediatek/mt7925/WIFI_MT7925_PATCH_MCU_1_1_hdr.bin.xz: 2025-05-09 02:00:00.000000000 +0200
/lib/firmware/mediatek/mt7925/WIFI_RAM_CODE_MT7925_1_1.bin.xz: 2025-05-09 02:00:00.000000000 +0200

Loaded Firmware Version:
[   15.746631] mt7925e 0000:c0:00.0: ASIC revision: 79250000
[   15.823344] mt7925e 0000:c0:00.0: HW/SW Version: 0x8a108a10, Build Time: 20250425072955a
[   16.170225] mt7925e 0000:c0:00.0: WM Firmware Version: ____000000, Build Time: 20250425073109
[   17.516062] mt7925e 0000:c0:00.0 wlp192s0: renamed from wlan0
[   25.691009] Bluetooth: hci0: Failed to set up firmware (-110)

=== Driver and Module Information ===
c0:00.0 Network controller [0280]: MEDIATEK Corp. MT7925 (RZ717) Wi-Fi 7 160MHz [14c3:0717]
	Subsystem: MEDIATEK Corp. MT7925 (RZ717) Wi-Fi 7 160MHz [14c3:0717]
	Kernel driver in use: mt7925e
	Kernel modules: mt7925e

Wireless Module: mt7925e
Module Parameters:
  disable_aspm: N

Module Information:
filename:       /lib/modules/6.14.11-300.fc42.x86_64/kernel/drivers/net/wireless/mediatek/mt76/mt7925/mt7925e.ko.xz
description:    MediaTek MT7925E (PCIe) wireless driver
firmware:       mediatek/mt7925/WIFI_MT7925_PATCH_MCU_1_1_hdr.bin
firmware:       mediatek/mt7925/WIFI_RAM_CODE_MT7925_1_1.bin

=== Connection Event Analysis (Last 24 Hours) ===
Connection Attempts, Successes, and Failures:
Jun 21 14:48:41 Jun 21 14:48:41 blueframe NetworkManager[1679]: <info>  [1750510121.9156] device (wlp192s0): supplicant interface state: disconnected -> inactive
Jun 21 14:48:41 Jun 21 14:48:41 blueframe NetworkManager[1679]: <info>  [1750510121.9156] device (p2p-dev-wlp192s0): supplicant management interface state: disconnected -> inactive
Jun 21 14:48:44 Jun 21 14:48:44 blueframe NetworkManager[1679]: <info>  [1750510124.3783] device (wlp192s0): Activation: starting connection 'WebGate' (04a50206-5063-4fb0-9e71-5a6e527fb609)
Jun 21 14:48:44 Jun 21 14:48:44 blueframe NetworkManager[1679]: <info>  [1750510124.3784] audit: op="connection-add-activate" uuid="04a50206-5063-4fb0-9e71-5a6e527fb609" name="WebGate" pid=2620 uid=1000 result="success"
Jun 21 14:48:44 Jun 21 14:48:44 blueframe NetworkManager[1679]: <info>  [1750510124.3785] device (wlp192s0): state change: disconnected -> prepare (reason 'none', managed-type: 'full')
Jun 21 14:48:44 Jun 21 14:48:44 blueframe NetworkManager[1679]: <info>  [1750510124.3787] manager: NetworkManager state is now CONNECTING
Jun 21 14:48:44 Jun 21 14:48:44 blueframe NetworkManager[1679]: <info>  [1750510124.4470] device (wlp192s0): set-hw-addr: set-cloned MAC address to E6:65:9B:88:40:85 (stable-ssid)
Jun 21 14:48:44 Jun 21 14:48:44 blueframe NetworkManager[1679]: <info>  [1750510124.4990] device (wlp192s0): state change: prepare -> config (reason 'none', managed-type: 'full')
Jun 21 14:48:44 Jun 21 14:48:44 blueframe NetworkManager[1679]: <info>  [1750510124.4993] device (wlp192s0): Activation: (wifi) access point 'WebGate' has security, but secrets are required.
Jun 21 14:48:44 Jun 21 14:48:44 blueframe NetworkManager[1679]: <info>  [1750510124.4993] device (wlp192s0): state change: config -> need-auth (reason 'none', managed-type: 'full')
Jun 21 14:48:44 Jun 21 14:48:44 blueframe NetworkManager[1679]: <info>  [1750510124.5003] device (wlp192s0): supplicant interface state: inactive -> interface_disabled
Jun 21 14:48:44 Jun 21 14:48:44 blueframe NetworkManager[1679]: <info>  [1750510124.5003] device (p2p-dev-wlp192s0): supplicant management interface state: inactive -> interface_disabled
Jun 21 14:48:44 Jun 21 14:48:44 blueframe NetworkManager[1679]: <info>  [1750510124.5004] device (wlp192s0): supplicant interface state: interface_disabled -> disconnected
Jun 21 14:48:44 Jun 21 14:48:44 blueframe NetworkManager[1679]: <info>  [1750510124.5004] device (p2p-dev-wlp192s0): supplicant management interface state: interface_disabled -> disconnected
Jun 21 14:48:44 Jun 21 14:48:44 blueframe NetworkManager[1679]: <info>  [1750510124.5015] device (wlp192s0): state change: need-auth -> prepare (reason 'none', managed-type: 'full')
Jun 21 14:48:44 Jun 21 14:48:44 blueframe NetworkManager[1679]: <info>  [1750510124.5016] device (wlp192s0): state change: prepare -> config (reason 'none', managed-type: 'full')
Jun 21 14:48:44 Jun 21 14:48:44 blueframe NetworkManager[1679]: <info>  [1750510124.5018] device (wlp192s0): Activation: (wifi) connection 'WebGate' has security, and secrets exist.  No new secrets needed.
Jun 21 14:48:44 Jun 21 14:48:44 blueframe NetworkManager[1679]: <info>  [1750510124.5018] Config: added 'ssid' value 'WebGate'
Jun 21 14:48:44 Jun 21 14:48:44 blueframe NetworkManager[1679]: <info>  [1750510124.5018] Config: added 'scan_ssid' value '1'
Jun 21 14:48:44 Jun 21 14:48:44 blueframe NetworkManager[1679]: <info>  [1750510124.5018] Config: added 'bgscan' value 'simple:30:-70:86400'
Jun 21 14:48:44 Jun 21 14:48:44 blueframe NetworkManager[1679]: <info>  [1750510124.5019] Config: added 'key_mgmt' value 'WPA-PSK WPA-PSK-SHA256 FT-PSK SAE FT-SAE'
Jun 21 14:48:44 Jun 21 14:48:44 blueframe NetworkManager[1679]: <info>  [1750510124.5019] Config: added 'auth_alg' value 'OPEN'
Jun 21 14:48:44 Jun 21 14:48:44 blueframe NetworkManager[1679]: <info>  [1750510124.5019] Config: added 'psk' value '<hidden>'
Jun 21 14:48:44 Jun 21 14:48:44 blueframe NetworkManager[1679]: <info>  [1750510124.5023] device (wlp192s0): supplicant interface state: disconnected -> inactive
Jun 21 14:48:44 Jun 21 14:48:44 blueframe NetworkManager[1679]: <info>  [1750510124.5023] device (p2p-dev-wlp192s0): supplicant management interface state: disconnected -> inactive
Jun 21 14:48:44 Jun 21 14:48:44 blueframe NetworkManager[1679]: <info>  [1750510124.5155] device (wlp192s0): supplicant interface state: inactive -> scanning
Jun 21 14:48:44 Jun 21 14:48:44 blueframe NetworkManager[1679]: <info>  [1750510124.5155] device (p2p-dev-wlp192s0): supplicant management interface state: inactive -> scanning
Jun 21 14:48:47 Jun 21 14:48:47 blueframe wpa_supplicant[1772]: wlp192s0: SME: Trying to authenticate with 58:ef:68:b7:63:ba (SSID='WebGate' freq=5240 MHz)
Jun 21 14:48:47 Jun 21 14:48:47 blueframe NetworkManager[1679]: <info>  [1750510127.6907] device (wlp192s0): supplicant interface state: scanning -> authenticating
Jun 21 14:48:47 Jun 21 14:48:47 blueframe NetworkManager[1679]: <info>  [1750510127.6908] device (p2p-dev-wlp192s0): supplicant management interface state: scanning -> authenticating
Jun 21 14:48:47 Jun 21 14:48:47 blueframe wpa_supplicant[1772]: wlp192s0: Trying to associate with 58:ef:68:b7:63:ba (SSID='WebGate' freq=5240 MHz)
Jun 21 14:48:47 Jun 21 14:48:47 blueframe NetworkManager[1679]: <info>  [1750510127.7156] device (wlp192s0): supplicant interface state: authenticating -> associating
Jun 21 14:48:47 Jun 21 14:48:47 blueframe NetworkManager[1679]: <info>  [1750510127.7157] device (p2p-dev-wlp192s0): supplicant management interface state: authenticating -> associating
Jun 21 14:48:47 Jun 21 14:48:47 blueframe wpa_supplicant[1772]: bgscan simple: Failed to enable signal strength monitoring
Jun 21 14:48:47 Jun 21 14:48:47 blueframe NetworkManager[1679]: <info>  [1750510127.9595] device (wlp192s0): supplicant interface state: associating -> completed
Jun 21 14:48:47 Jun 21 14:48:47 blueframe NetworkManager[1679]: <info>  [1750510127.9596] device (wlp192s0): Activation: (wifi) Stage 2 of 5 (Device Configure) successful. Connected to wireless network "WebGate"
Jun 21 14:48:47 Jun 21 14:48:47 blueframe NetworkManager[1679]: <info>  [1750510127.9596] device (p2p-dev-wlp192s0): supplicant management interface state: associating -> completed
Jun 21 14:48:47 Jun 21 14:48:47 blueframe NetworkManager[1679]: <info>  [1750510127.9685] device (wlp192s0): state change: config -> ip-config (reason 'none', managed-type: 'full')
Jun 21 14:48:47 Jun 21 14:48:47 blueframe NetworkManager[1679]: <info>  [1750510127.9689] dhcp4 (wlp192s0): activation: beginning transaction (timeout in 45 seconds)
Jun 21 14:48:51 Jun 21 14:48:51 blueframe NetworkManager[1679]: <info>  [1750510131.3652] dhcp4 (wlp192s0): state changed new lease, address=192.168.1.113, acd pending
Jun 21 14:48:51 Jun 21 14:48:51 blueframe NetworkManager[1679]: <info>  [1750510131.5302] dhcp4 (wlp192s0): state changed new lease, address=192.168.1.113
Jun 21 14:48:51 Jun 21 14:48:51 blueframe NetworkManager[1679]: <info>  [1750510131.5342] policy: set 'WebGate' (wlp192s0) as default for IPv4 routing and DNS
Jun 21 14:48:51 Jun 21 14:48:51 blueframe NetworkManager[1679]: <info>  [1750510131.5362] device (wlp192s0): state change: ip-config -> ip-check (reason 'none', managed-type: 'full')
Jun 21 14:48:51 Jun 21 14:48:51 blueframe NetworkManager[1679]: <info>  [1750510131.5667] device (wlp192s0): state change: ip-check -> secondaries (reason 'none', managed-type: 'full')
Jun 21 14:48:51 Jun 21 14:48:51 blueframe NetworkManager[1679]: <info>  [1750510131.5668] device (wlp192s0): state change: secondaries -> activated (reason 'none', managed-type: 'full')
Jun 21 14:48:51 Jun 21 14:48:51 blueframe NetworkManager[1679]: <info>  [1750510131.5670] manager: NetworkManager state is now CONNECTED_SITE
Jun 21 14:48:51 Jun 21 14:48:51 blueframe NetworkManager[1679]: <info>  [1750510131.5674] device (wlp192s0): Activation: successful, device activated.
Jun 21 14:48:51 Jun 21 14:48:51 blueframe NetworkManager[1679]: <info>  [1750510131.5977] audit: op="statistics" interface="wlp192s0" ifindex=3 args="2000" pid=2620 uid=1000 result="success"
Jun 21 14:48:51 Jun 21 14:48:51 blueframe NetworkManager[1679]: <info>  [1750510131.6085] audit: op="statistics" interface="wlp192s0" ifindex=3 args="500" pid=10844 uid=1000 result="success"
Jun 21 14:48:51 Jun 21 14:48:51 blueframe NetworkManager[1679]: <info>  [1750510131.8118] manager: NetworkManager state is now CONNECTED_GLOBAL

=== Recent Errors and Warnings ===
Jun 21 10:31:53 fedora NetworkManager[1683]: <info>  [1750494713.9538] dhcp4 (enp195s0f3u1u4): activation: beginning transaction (timeout in 45 seconds)
Jun 21 10:37:24 localhost-live.fritz.box NetworkManager[1683]: <info>  [1750495044.5019] dhcp4 (enp195s0f3u1u4): activation: beginning transaction (timeout in 45 seconds)
Jun 21 10:37:59 fedora NetworkManager[1451]: <info>  [1750495079.3342] dhcp4 (enp195s0f3u1u4): activation: beginning transaction (timeout in 45 seconds)
Jun 21 10:40:59 fedora NetworkManager[1451]: <info>  [1750495259.4392] dhcp4 (enp195s0f3u1u4): activation: beginning transaction (timeout in 45 seconds)
Jun 21 10:41:35 fedora NetworkManager[1679]: <info>  [1750495295.1250] dhcp4 (enp195s0f3u1u4): activation: beginning transaction (timeout in 45 seconds)
Jun 21 14:47:54 blueframe NetworkManager[1679]: <info>  [1750510074.0677] dhcp4 (enp195s0f3u1u4): activation: beginning transaction (timeout in 45 seconds)
Jun 21 14:48:47 blueframe wpa_supplicant[1772]: bgscan simple: Failed to enable signal strength monitoring
Jun 21 14:48:47 blueframe NetworkManager[1679]: <info>  [1750510127.9689] dhcp4 (wlp192s0): activation: beginning transaction (timeout in 45 seconds)

=== Power Management Settings ===
Power Saving Status:
Power save: on

TLP/Power Management Configuration:
  TLP not installed

=== Band Steering and Roaming Settings ===
BSS Transition Management Capability:

Current Roaming Behavior:
    link/ether e6:65:9b:88:40:85 brd ff:ff:ff:ff:ff:ff permaddr d8:b3:2f:bd:bf:fb
    inet 192.168.1.113/24 brd 192.168.1.255 scope global dynamic noprefixroute wlp192s0
       valid_lft 86301sec preferred_lft 86301sec
    inet6 fe80::6a0d:8210:245c:2859/64 scope link noprefixroute 
       valid_lft forever preferred_lft forever

NetworkManager WiFi Backend Configuration:
  No custom WiFi backend configuration found

WiFi Band Selection Configuration:
  No band selection config found

=== 5GHz Connection Issues ===
Checking for 5GHz connection problems:
✓ Hardware supports 5GHz
✓ Connected to 5GHz (5240.0 MHz)

Band Selection Settings:
  No specific band preference set

DFS Channel Issues:
  No DFS issues detected

Driver/Firmware Issues:
  No driver errors detected

=== Summary and Recommendations ===

+----------------------------------------+
|        WiFi DIAGNOSTIC SUMMARY         |
+----------------------------------------+

🛜 CONNECTION STATUS
-------------------
   ✅ Connected to: WebGate
   ✅ Band: 5GHz (5240.0 MHz)
   📶 Signal: -35 dBm (Excellent)
   🚀 Speed: RX 866.7 MBit/s / TX 702.0 MBit/s

🔧 HARDWARE STATUS
-----------------
   Device: MEDIATEK Corp. MT7925 (RZ717) Wi-Fi 7 160MHz
   Driver: mt7925e
   Firmware: 20250509-1.fc42

⚡ PERFORMANCE ANALYSIS
---------------------
   ⚠️  Power saving: ENABLED (may impact performance)

💡 RECOMMENDATIONS
-----------------
   1. Disable power saving for better performance:
      [1;32msudo iw dev wlp192s0 set power_save off[0m # Only works for testing
      To make it permanent: [1;32msudo nmcli connection modify "WebGate" wifi.powersave 2[0m

📊 QUICK STATS
-------------
   Networks found: 9 (5GHz/6GHz)
   Connection quality: GOOD
   Current band: 5GHz
   Connected for: 0 hours, 1 minutes

+----------------------------------------+
|    🎉 WiFi Performance: GOOD         🎉    |
+----------------------------------------+
